2023-06-16 at 15:57:21 CST DEBUG org.springframework.context.support.AbstractApplicationContext 630 prepareRefresh - Refreshing org.springframework.context.support.ClassPathXmlApplicationContext@5c08c46a
2023-06-16 at 15:57:21 CST DEBUG org.springframework.beans.factory.xml.XmlBeanDefinitionReader 393 doLoadBeanDefinitions - Loaded 1 bean definitions from class path resource [bean.xml]
2023-06-16 at 15:57:21 CST DEBUG org.springframework.beans.factory.support.DefaultSingletonBeanRegistry 225 getSingleton - Creating shared instance of singleton bean 'user'
2023-06-16 at 16:01:57 CST DEBUG org.springframework.context.support.AbstractApplicationContext 630 prepareRefresh - Refreshing org.springframework.context.support.ClassPathXmlApplicationContext@14dda234
2023-06-16 at 16:01:57 CST DEBUG org.springframework.beans.factory.xml.XmlBeanDefinitionReader 393 doLoadBeanDefinitions - Loaded 1 bean definitions from class path resource [bean.xml]
2023-06-16 at 16:01:57 CST DEBUG org.springframework.beans.factory.support.DefaultSingletonBeanRegistry 225 getSingleton - Creating shared instance of singleton bean 'user'
2023-06-16 at 16:01:57 CST INFO  com.example.spring6.TestUser 30 testUserObject - ### Success called and executed
2023-06-17 at 08:56:14 CST DEBUG org.springframework.context.support.AbstractApplicationContext 630 prepareRefresh - Refreshing org.springframework.context.support.ClassPathXmlApplicationContext@14dda234
2023-06-17 at 08:56:14 CST DEBUG org.springframework.beans.factory.xml.XmlBeanDefinitionReader 393 doLoadBeanDefinitions - Loaded 1 bean definitions from class path resource [bean.xml]
2023-06-17 at 08:56:14 CST DEBUG org.springframework.beans.factory.support.DefaultSingletonBeanRegistry 225 getSingleton - Creating shared instance of singleton bean 'user'
2023-06-17 at 08:56:14 CST INFO  com.example.spring6.TestUser 30 testUserObject - ### Success called and executed
2023-06-17 at 09:32:00 CST DEBUG org.springframework.context.support.AbstractApplicationContext 630 prepareRefresh - Refreshing org.springframework.context.support.ClassPathXmlApplicationContext@1cd629b3
2023-06-17 at 09:32:25 CST DEBUG org.springframework.context.support.AbstractApplicationContext 630 prepareRefresh - Refreshing org.springframework.context.support.ClassPathXmlApplicationContext@1cd629b3
2023-06-17 at 09:32:25 CST DEBUG org.springframework.beans.factory.xml.XmlBeanDefinitionReader 393 doLoadBeanDefinitions - Loaded 1 bean definitions from class path resource [bean.xml]
2023-06-17 at 09:32:25 CST DEBUG org.springframework.beans.factory.support.DefaultSingletonBeanRegistry 225 getSingleton - Creating shared instance of singleton bean 'user'
2023-06-17 at 09:34:12 CST DEBUG org.springframework.context.support.AbstractApplicationContext 630 prepareRefresh - Refreshing org.springframework.context.support.ClassPathXmlApplicationContext@1cd629b3
2023-06-17 at 09:34:12 CST DEBUG org.springframework.beans.factory.xml.XmlBeanDefinitionReader 393 doLoadBeanDefinitions - Loaded 1 bean definitions from class path resource [bean.xml]
2023-06-17 at 09:34:12 CST DEBUG org.springframework.beans.factory.support.DefaultSingletonBeanRegistry 225 getSingleton - Creating shared instance of singleton bean 'user'
2023-06-17 at 09:37:32 CST DEBUG org.springframework.context.support.AbstractApplicationContext 630 prepareRefresh - Refreshing org.springframework.context.support.ClassPathXmlApplicationContext@1cd629b3
2023-06-17 at 09:37:32 CST DEBUG org.springframework.beans.factory.xml.XmlBeanDefinitionReader 393 doLoadBeanDefinitions - Loaded 2 bean definitions from class path resource [bean.xml]
2023-06-17 at 09:37:32 CST DEBUG org.springframework.beans.factory.support.DefaultSingletonBeanRegistry 225 getSingleton - Creating shared instance of singleton bean 'user'
2023-06-17 at 09:37:32 CST DEBUG org.springframework.beans.factory.support.DefaultSingletonBeanRegistry 225 getSingleton - Creating shared instance of singleton bean 'user1'
2023-06-17 at 09:53:21 CST DEBUG org.springframework.context.support.AbstractApplicationContext 630 prepareRefresh - Refreshing org.springframework.context.support.ClassPathXmlApplicationContext@1cd629b3
2023-06-17 at 09:53:21 CST DEBUG org.springframework.beans.factory.xml.XmlBeanDefinitionReader 393 doLoadBeanDefinitions - Loaded 3 bean definitions from class path resource [bean.xml]
2023-06-17 at 09:53:21 CST DEBUG org.springframework.beans.factory.support.DefaultSingletonBeanRegistry 225 getSingleton - Creating shared instance of singleton bean 'user'
2023-06-17 at 09:53:21 CST DEBUG org.springframework.beans.factory.support.DefaultSingletonBeanRegistry 225 getSingleton - Creating shared instance of singleton bean 'user1'
2023-06-17 at 09:53:21 CST DEBUG org.springframework.beans.factory.support.DefaultSingletonBeanRegistry 225 getSingleton - Creating shared instance of singleton bean 'userJiImpl'
2023-06-17 at 09:55:51 CST DEBUG org.springframework.context.support.AbstractApplicationContext 630 prepareRefresh - Refreshing org.springframework.context.support.ClassPathXmlApplicationContext@1cd629b3
2023-06-17 at 09:55:51 CST DEBUG org.springframework.beans.factory.xml.XmlBeanDefinitionReader 393 doLoadBeanDefinitions - Loaded 4 bean definitions from class path resource [bean.xml]
2023-06-17 at 09:55:51 CST DEBUG org.springframework.beans.factory.support.DefaultSingletonBeanRegistry 225 getSingleton - Creating shared instance of singleton bean 'user'
2023-06-17 at 09:55:51 CST DEBUG org.springframework.beans.factory.support.DefaultSingletonBeanRegistry 225 getSingleton - Creating shared instance of singleton bean 'user1'
2023-06-17 at 09:55:51 CST DEBUG org.springframework.beans.factory.support.DefaultSingletonBeanRegistry 225 getSingleton - Creating shared instance of singleton bean 'userJiImpl'
2023-06-17 at 09:55:51 CST DEBUG org.springframework.beans.factory.support.DefaultSingletonBeanRegistry 225 getSingleton - Creating shared instance of singleton bean 'personJiImpl'
2023-06-17 at 10:14:10 CST DEBUG org.springframework.context.support.AbstractApplicationContext 630 prepareRefresh - Refreshing org.springframework.context.support.ClassPathXmlApplicationContext@44e3a2b2
2023-06-17 at 10:14:10 CST DEBUG org.springframework.beans.factory.xml.XmlBeanDefinitionReader 393 doLoadBeanDefinitions - Loaded 1 bean definitions from class path resource [bean-di.xml]
2023-06-17 at 10:14:10 CST DEBUG org.springframework.beans.factory.support.DefaultSingletonBeanRegistry 225 getSingleton - Creating shared instance of singleton bean 'book'
2023-06-17 at 10:14:30 CST DEBUG org.springframework.context.support.AbstractApplicationContext 630 prepareRefresh - Refreshing org.springframework.context.support.ClassPathXmlApplicationContext@44e3a2b2
2023-06-17 at 10:14:31 CST DEBUG org.springframework.beans.factory.xml.XmlBeanDefinitionReader 393 doLoadBeanDefinitions - Loaded 1 bean definitions from class path resource [bean-di.xml]
2023-06-17 at 10:14:31 CST DEBUG org.springframework.beans.factory.support.DefaultSingletonBeanRegistry 225 getSingleton - Creating shared instance of singleton bean 'book'
2023-06-17 at 10:20:39 CST DEBUG org.springframework.context.support.AbstractApplicationContext 630 prepareRefresh - Refreshing org.springframework.context.support.ClassPathXmlApplicationContext@101639ae
2023-06-17 at 10:20:39 CST DEBUG org.springframework.beans.factory.xml.XmlBeanDefinitionReader 393 doLoadBeanDefinitions - Loaded 2 bean definitions from class path resource [bean-di.xml]
2023-06-17 at 10:20:39 CST DEBUG org.springframework.beans.factory.support.DefaultSingletonBeanRegistry 225 getSingleton - Creating shared instance of singleton bean 'book'
2023-06-17 at 10:20:39 CST DEBUG org.springframework.beans.factory.support.DefaultSingletonBeanRegistry 225 getSingleton - Creating shared instance of singleton bean 'bookCtr'
2023-06-17 at 10:20:39 CST WARN  org.springframework.core.LocalVariableTableParameterNameDiscoverer 123 inspectClass - Using deprecated '-debug' fallback for parameter name resolution. Compile the affected code with '-parameters' instead or avoid its introspection: org.example.spring6.iocxml.di.Book
2023-06-17 at 10:20:55 CST DEBUG org.springframework.context.support.AbstractApplicationContext 630 prepareRefresh - Refreshing org.springframework.context.support.ClassPathXmlApplicationContext@101639ae
2023-06-17 at 10:20:55 CST DEBUG org.springframework.beans.factory.xml.XmlBeanDefinitionReader 393 doLoadBeanDefinitions - Loaded 2 bean definitions from class path resource [bean-di.xml]
2023-06-17 at 10:20:55 CST DEBUG org.springframework.beans.factory.support.DefaultSingletonBeanRegistry 225 getSingleton - Creating shared instance of singleton bean 'book'
2023-06-17 at 10:20:55 CST DEBUG org.springframework.beans.factory.support.DefaultSingletonBeanRegistry 225 getSingleton - Creating shared instance of singleton bean 'bookCtr'
2023-06-17 at 10:20:55 CST WARN  org.springframework.core.LocalVariableTableParameterNameDiscoverer 123 inspectClass - Using deprecated '-debug' fallback for parameter name resolution. Compile the affected code with '-parameters' instead or avoid its introspection: org.example.spring6.iocxml.di.Book
2023-06-17 at 10:30:37 CST DEBUG org.springframework.context.support.AbstractApplicationContext 630 prepareRefresh - Refreshing org.springframework.context.support.ClassPathXmlApplicationContext@101639ae
2023-06-17 at 10:30:37 CST DEBUG org.springframework.beans.factory.xml.XmlBeanDefinitionReader 393 doLoadBeanDefinitions - Loaded 2 bean definitions from class path resource [bean-di.xml]
2023-06-17 at 10:30:37 CST DEBUG org.springframework.beans.factory.support.DefaultSingletonBeanRegistry 225 getSingleton - Creating shared instance of singleton bean 'book'
2023-06-17 at 10:30:37 CST DEBUG org.springframework.beans.factory.support.DefaultSingletonBeanRegistry 225 getSingleton - Creating shared instance of singleton bean 'bookCtr'
2023-06-17 at 10:30:37 CST WARN  org.springframework.core.LocalVariableTableParameterNameDiscoverer 123 inspectClass - Using deprecated '-debug' fallback for parameter name resolution. Compile the affected code with '-parameters' instead or avoid its introspection: org.example.spring6.iocxml.di.Book
2023-06-17 at 10:32:19 CST DEBUG org.springframework.context.support.AbstractApplicationContext 630 prepareRefresh - Refreshing org.springframework.context.support.ClassPathXmlApplicationContext@101639ae
2023-06-17 at 10:32:19 CST DEBUG org.springframework.beans.factory.xml.XmlBeanDefinitionReader 393 doLoadBeanDefinitions - Loaded 2 bean definitions from class path resource [bean-di.xml]
2023-06-17 at 10:32:19 CST DEBUG org.springframework.beans.factory.support.DefaultSingletonBeanRegistry 225 getSingleton - Creating shared instance of singleton bean 'book'
2023-06-17 at 10:32:20 CST DEBUG org.springframework.beans.factory.support.DefaultSingletonBeanRegistry 225 getSingleton - Creating shared instance of singleton bean 'bookCtr'
2023-06-17 at 10:32:20 CST WARN  org.springframework.core.LocalVariableTableParameterNameDiscoverer 123 inspectClass - Using deprecated '-debug' fallback for parameter name resolution. Compile the affected code with '-parameters' instead or avoid its introspection: org.example.spring6.iocxml.di.Book
2023-06-17 at 11:23:56 CST DEBUG org.springframework.context.support.AbstractApplicationContext 630 prepareRefresh - Refreshing org.springframework.context.support.ClassPathXmlApplicationContext@1cd629b3
2023-06-17 at 11:23:57 CST DEBUG org.springframework.beans.factory.xml.XmlBeanDefinitionReader 393 doLoadBeanDefinitions - Loaded 2 bean definitions from class path resource [bean-ditest.xml]
2023-06-17 at 11:23:57 CST DEBUG org.springframework.beans.factory.support.DefaultSingletonBeanRegistry 225 getSingleton - Creating shared instance of singleton bean 'department'
2023-06-17 at 11:23:57 CST DEBUG org.springframework.beans.factory.support.DefaultSingletonBeanRegistry 225 getSingleton - Creating shared instance of singleton bean 'employee'
2023-06-17 at 11:30:13 CST DEBUG org.springframework.context.support.AbstractApplicationContext 630 prepareRefresh - Refreshing org.springframework.context.support.ClassPathXmlApplicationContext@1cd629b3
2023-06-17 at 11:30:13 CST DEBUG org.springframework.beans.factory.xml.XmlBeanDefinitionReader 393 doLoadBeanDefinitions - Loaded 4 bean definitions from class path resource [bean-ditest.xml]
2023-06-17 at 11:30:13 CST DEBUG org.springframework.beans.factory.support.DefaultSingletonBeanRegistry 225 getSingleton - Creating shared instance of singleton bean 'department'
2023-06-17 at 11:30:13 CST DEBUG org.springframework.beans.factory.support.DefaultSingletonBeanRegistry 225 getSingleton - Creating shared instance of singleton bean 'employee'
2023-06-17 at 11:30:13 CST DEBUG org.springframework.beans.factory.support.DefaultSingletonBeanRegistry 225 getSingleton - Creating shared instance of singleton bean 'department2'
2023-06-17 at 11:30:13 CST DEBUG org.springframework.beans.factory.support.DefaultSingletonBeanRegistry 225 getSingleton - Creating shared instance of singleton bean 'employee2'
2023-06-17 at 12:26:52 CST DEBUG org.springframework.context.support.AbstractApplicationContext 630 prepareRefresh - Refreshing org.springframework.context.support.ClassPathXmlApplicationContext@1cd629b3
2023-06-17 at 12:26:52 CST DEBUG org.springframework.beans.factory.xml.XmlBeanDefinitionReader 393 doLoadBeanDefinitions - Loaded 6 bean definitions from class path resource [bean-ditest.xml]
2023-06-17 at 12:26:52 CST DEBUG org.springframework.beans.factory.support.DefaultSingletonBeanRegistry 225 getSingleton - Creating shared instance of singleton bean 'department'
2023-06-17 at 12:26:52 CST DEBUG org.springframework.beans.factory.support.DefaultSingletonBeanRegistry 225 getSingleton - Creating shared instance of singleton bean 'employee'
2023-06-17 at 12:26:52 CST DEBUG org.springframework.beans.factory.support.DefaultSingletonBeanRegistry 225 getSingleton - Creating shared instance of singleton bean 'department2'
2023-06-17 at 12:26:52 CST DEBUG org.springframework.beans.factory.support.DefaultSingletonBeanRegistry 225 getSingleton - Creating shared instance of singleton bean 'employee2'
2023-06-17 at 12:26:52 CST DEBUG org.springframework.beans.factory.support.DefaultSingletonBeanRegistry 225 getSingleton - Creating shared instance of singleton bean 'department3'
2023-06-17 at 12:26:52 CST DEBUG org.springframework.beans.factory.support.DefaultSingletonBeanRegistry 225 getSingleton - Creating shared instance of singleton bean 'employee3'
2023-06-17 at 12:27:11 CST DEBUG org.springframework.context.support.AbstractApplicationContext 630 prepareRefresh - Refreshing org.springframework.context.support.ClassPathXmlApplicationContext@1cd629b3
2023-06-17 at 12:27:11 CST DEBUG org.springframework.beans.factory.xml.XmlBeanDefinitionReader 393 doLoadBeanDefinitions - Loaded 2 bean definitions from class path resource [bean-ditest.xml]
2023-06-17 at 12:27:11 CST DEBUG org.springframework.beans.factory.support.DefaultSingletonBeanRegistry 225 getSingleton - Creating shared instance of singleton bean 'department3'
2023-06-17 at 12:27:11 CST DEBUG org.springframework.beans.factory.support.DefaultSingletonBeanRegistry 225 getSingleton - Creating shared instance of singleton bean 'employee3'
2023-06-17 at 12:27:22 CST DEBUG org.springframework.context.support.AbstractApplicationContext 630 prepareRefresh - Refreshing org.springframework.context.support.ClassPathXmlApplicationContext@1cd629b3
2023-06-17 at 12:27:22 CST DEBUG org.springframework.beans.factory.xml.XmlBeanDefinitionReader 393 doLoadBeanDefinitions - Loaded 2 bean definitions from class path resource [bean-ditest.xml]
2023-06-17 at 12:27:22 CST DEBUG org.springframework.beans.factory.support.DefaultSingletonBeanRegistry 225 getSingleton - Creating shared instance of singleton bean 'department3'
2023-06-17 at 12:27:22 CST DEBUG org.springframework.beans.factory.support.DefaultSingletonBeanRegistry 225 getSingleton - Creating shared instance of singleton bean 'employee3'
